<?xml version="1.0" encoding="UTF-8"?>
<testng-results skipped="0" failed="1" ignored="0" total="2" passed="1">
  <reporter-output>
  </reporter-output>
  <suite name="Titan Automation Test Suite" duration-ms="49945" started-at="2018-10-12T19:58:57Z" finished-at="2018-10-12T19:59:47Z">
    <groups>
    </groups>
    <test name="Titan Auto App Test Cases" duration-ms="49945" started-at="2018-10-12T19:58:57Z" finished-at="2018-10-12T19:59:47Z">
      <class name="com.titan.qa.testcases.LoginPageTest">
        <test-method status="PASS" signature="setUp()[pri:0, instance:com.titan.qa.testcases.LoginPageTest@5025a98f]" name="setUp" is-config="true" duration-ms="15085" started-at="2018-10-13T01:28:57Z" finished-at="2018-10-13T01:29:12Z">
          <reporter-output>
          </reporter-output>
        </test-method> <!-- setUp -->
        <test-method status="FAIL" signature="loginPageTitleTest()[pri:1, instance:com.titan.qa.testcases.LoginPageTest@5025a98f]" name="loginPageTitleTest" duration-ms="7516" started-at="2018-10-13T01:29:12Z" finished-at="2018-10-13T01:29:19Z">
          <exception class="java.lang.AssertionError">
            <message>
              <![CDATA[expected [My Account - Login or Signup - Fastrac] but found [My Account - Login or Signup - Fastrack]]]>
            </message>
            <full-stacktrace>
              <![CDATA[java.lang.AssertionError: expected [My Account - Login or Signup - Fastrac] but found [My Account - Login or Signup - Fastrack]
	at org.testng.Assert.fail(Assert.java:93)
	at org.testng.Assert.failNotEquals(Assert.java:512)
	at org.testng.Assert.assertEqualsImpl(Assert.java:134)
	at org.testng.Assert.assertEquals(Assert.java:115)
	at org.testng.Assert.assertEquals(Assert.java:189)
	at org.testng.Assert.assertEquals(Assert.java:199)
	at com.titan.qa.testcases.LoginPageTest.loginPageTitleTest(LoginPageTest.java:47)
	at sun.reflect.NativeMethodAccessorImpl.invoke0(Native Method)
	at sun.reflect.NativeMethodAccessorImpl.invoke(NativeMethodAccessorImpl.java:62)
	at sun.reflect.DelegatingMethodAccessorImpl.invoke(DelegatingMethodAccessorImpl.java:43)
	at java.lang.reflect.Method.invoke(Method.java:498)
	at org.testng.internal.MethodInvocationHelper.invokeMethod(MethodInvocationHelper.java:108)
	at org.testng.internal.Invoker.invokeMethod(Invoker.java:661)
	at org.testng.internal.Invoker.invokeTestMethod(Invoker.java:869)
	at org.testng.internal.Invoker.invokeTestMethods(Invoker.java:1193)
	at org.testng.internal.TestMethodWorker.invokeTestMethods(TestMethodWorker.java:126)
	at org.testng.internal.TestMethodWorker.run(TestMethodWorker.java:109)
	at org.testng.TestRunner.privateRun(TestRunner.java:744)
	at org.testng.TestRunner.run(TestRunner.java:602)
	at org.testng.SuiteRunner.runTest(SuiteRunner.java:380)
	at org.testng.SuiteRunner.runSequentially(SuiteRunner.java:375)
	at org.testng.SuiteRunner.privateRun(SuiteRunner.java:340)
	at org.testng.SuiteRunner.run(SuiteRunner.java:289)
	at org.testng.SuiteRunnerWorker.runSuite(SuiteRunnerWorker.java:52)
	at org.testng.SuiteRunnerWorker.run(SuiteRunnerWorker.java:86)
	at org.testng.TestNG.runSuitesSequentially(TestNG.java:1301)
	at org.testng.TestNG.runSuitesLocally(TestNG.java:1226)
	at org.testng.TestNG.runSuites(TestNG.java:1144)
	at org.testng.TestNG.run(TestNG.java:1115)
	at org.testng.remote.AbstractRemoteTestNG.run(AbstractRemoteTestNG.java:114)
	at org.testng.remote.RemoteTestNG.initAndRun(RemoteTestNG.java:251)
	at org.testng.remote.RemoteTestNG.main(RemoteTestNG.java:77)
]]>
            </full-stacktrace>
          </exception> <!-- java.lang.AssertionError -->
          <reporter-output>
          </reporter-output>
        </test-method> <!-- loginPageTitleTest -->
        <test-method status="PASS" signature="tearDown()[pri:0, instance:com.titan.qa.testcases.LoginPageTest@5025a98f]" name="tearDown" is-config="true" duration-ms="721" started-at="2018-10-13T01:29:20Z" finished-at="2018-10-13T01:29:20Z">
          <reporter-output>
          </reporter-output>
        </test-method> <!-- tearDown -->
        <test-method status="PASS" signature="setUp()[pri:0, instance:com.titan.qa.testcases.LoginPageTest@5025a98f]" name="setUp" is-config="true" duration-ms="11633" started-at="2018-10-13T01:29:20Z" finished-at="2018-10-13T01:29:32Z">
          <reporter-output>
          </reporter-output>
        </test-method> <!-- setUp -->
        <test-method status="PASS" signature="loginTest()[pri:2, instance:com.titan.qa.testcases.LoginPageTest@5025a98f]" name="loginTest" duration-ms="13816" started-at="2018-10-13T01:29:32Z" finished-at="2018-10-13T01:29:46Z">
          <reporter-output>
          </reporter-output>
        </test-method> <!-- loginTest -->
        <test-method status="PASS" signature="tearDown()[pri:0, instance:com.titan.qa.testcases.LoginPageTest@5025a98f]" name="tearDown" is-config="true" duration-ms="740" started-at="2018-10-13T01:29:46Z" finished-at="2018-10-13T01:29:47Z">
          <reporter-output>
          </reporter-output>
        </test-method> <!-- tearDown -->
      </class> <!-- com.titan.qa.testcases.LoginPageTest -->
    </test> <!-- Titan Auto App Test Cases -->
  </suite> <!-- Titan Automation Test Suite -->
</testng-results>
