<?xml version="1.0" encoding="UTF-8"?>
<!-- Generated by org.testng.reporters.JUnitXMLReporter -->
<testsuite hostname="LAPTOP-CIGMMOOC" ignored="0" name="Titan Auto App Sanity Test Cases" tests="5" failures="1" timestamp="02 Oct 2018 14:43:26 GMT" time="426.299" errors="0">
  <testcase name="CheckouttpageTitleTest" time="67.318" classname="com.titan.qa.testcases.CheckoutPageTest">
    <skipped/>
  </testcase> <!-- CheckouttpageTitleTest -->
  <testcase name="CheckouttpageTitleTest" time="69.179" classname="com.titan.qa.testcases.CheckoutPageTest">
    <skipped/>
  </testcase> <!-- CheckouttpageTitleTest -->
  <testcase name="CheckouttpageTitleTest" time="64.3" classname="com.titan.qa.testcases.CheckoutPageTest">
    <skipped/>
  </testcase> <!-- CheckouttpageTitleTest -->
  <testcase name="CheckouttpageTitleTest" time="69.256" classname="com.titan.qa.testcases.CheckoutPageTest">
    <failure type="java.lang.AssertionError" message="expected [Checkou] but found [Checkout]">
      <![CDATA[java.lang.AssertionError: expected [Checkou] but found [Checkout]
	at com.titan.qa.testcases.CheckoutPageTest.CheckouttpageTitleTest(CheckoutPageTest.java:62)
... Removed 31 stack frames]]>
    </failure>
  </testcase> <!-- CheckouttpageTitleTest -->
  <testcase name="CheckoutPageCODTest" time="109.381" classname="com.titan.qa.testcases.CheckoutPageTest"/>
</testsuite> <!-- Titan Auto App Sanity Test Cases -->
